<?xml version="1.0" encoding="UTF-8"?>
<!-- Generated by org.testng.reporters.JUnitXMLReporter -->
<testsuite ignored="0" hostname="WKWIN0038129" failures="0" tests="4" name="Test" time="0.029" errors="0" timestamp="2020-09-23T10:01:28 IST">
  <testcase classname="Beginmaven.SeleniumTest" name="browserautomation" time="0.003"/>
  <testcase classname="Beginmaven.SeleniumTest" name="elementsui" time="0.0"/>
  <testcase classname="Beginmaven.AppiumTet" name="android" time="0.001"/>
  <testcase classname="Beginmaven.AppiumTet" name="ios" time="0.0"/>
</testsuite> <!-- Test -->
