<?xml version="1.0" encoding="UTF-8"?>
<testng-results ignored="0" total="4" passed="4" failed="0" skipped="0">
  <reporter-output>
  </reporter-output>
  <suite started-at="2020-09-23T10:01:28 IST" name="Suite" finished-at="2020-09-23T10:01:28 IST" duration-ms="29">
    <groups>
    </groups>
    <test started-at="2020-09-23T10:01:28 IST" name="Test" finished-at="2020-09-23T10:01:28 IST" duration-ms="29">
      <class name="Beginmaven.AppiumTet">
        <test-method signature="android()[pri:0, instance:Beginmaven.AppiumTet@ec756bd]" started-at="2020-09-23T10:01:28 IST" name="android" finished-at="2020-09-23T10:01:28 IST" duration-ms="1" status="PASS">
          <reporter-output>
          </reporter-output>
        </test-method> <!-- android -->
        <test-method signature="ios()[pri:0, instance:Beginmaven.AppiumTet@ec756bd]" started-at="2020-09-23T10:01:28 IST" name="ios" finished-at="2020-09-23T10:01:28 IST" duration-ms="0" status="PASS">
          <reporter-output>
          </reporter-output>
        </test-method> <!-- ios -->
      </class> <!-- Beginmaven.AppiumTet -->
      <class name="Beginmaven.SeleniumTest">
        <test-method signature="browserautomation()[pri:0, instance:Beginmaven.SeleniumTest@358ee631]" started-at="2020-09-23T10:01:28 IST" name="browserautomation" finished-at="2020-09-23T10:01:28 IST" duration-ms="3" status="PASS">
          <reporter-output>
          </reporter-output>
        </test-method> <!-- browserautomation -->
        <test-method signature="elementsui()[pri:0, instance:Beginmaven.SeleniumTest@358ee631]" started-at="2020-09-23T10:01:28 IST" name="elementsui" finished-at="2020-09-23T10:01:28 IST" duration-ms="0" status="PASS">
          <reporter-output>
          </reporter-output>
        </test-method> <!-- elementsui -->
      </class> <!-- Beginmaven.SeleniumTest -->
    </test> <!-- Test -->
  </suite> <!-- Suite -->
</testng-results>
