<?xml version="1.0" encoding="UTF-8"?>
<testng-results ignored="0" total="2" passed="2" failed="0" skipped="0">
  <reporter-output>
  </reporter-output>
  <suite started-at="2020-09-23T09:33:25 IST" name="Default suite" finished-at="2020-09-23T09:33:25 IST" duration-ms="48">
    <groups>
    </groups>
    <test started-at="2020-09-23T09:33:25 IST" name="Default test" finished-at="2020-09-23T09:33:25 IST" duration-ms="48">
      <class name="Beginmaven.AppiumTet">
        <test-method signature="android()[pri:0, instance:Beginmaven.AppiumTet@29626d54]" started-at="2020-09-23T09:33:25 IST" name="android" finished-at="2020-09-23T09:33:25 IST" duration-ms="8" status="PASS">
          <reporter-output>
          </reporter-output>
        </test-method> <!-- android -->
        <test-method signature="ios()[pri:0, instance:Beginmaven.AppiumTet@29626d54]" started-at="2020-09-23T09:33:25 IST" name="ios" finished-at="2020-09-23T09:33:25 IST" duration-ms="1" status="PASS">
          <reporter-output>
          </reporter-output>
        </test-method> <!-- ios -->
      </class> <!-- Beginmaven.AppiumTet -->
    </test> <!-- Default test -->
  </suite> <!-- Default suite -->
</testng-results>
